<?xml version="1.0" encoding="UTF-8"?>
<!-- Generated by org.testng.reporters.JUnitReportReporter -->
<testsuite hostname="ezs013" name="jenikinsdemo.TestNGClass1" tests="2" failures="0" timestamp="28 Jul 2017 11:15:08 GMT" time="13.493" errors="0">
  <testcase name="screenshot" time="4.685" classname="jenikinsdemo.TestNGClass1"/>
  <testcase name="excel" time="8.808" classname="jenikinsdemo.TestNGClass1"/>
</testsuite> <!-- jenikinsdemo.TestNGClass1 -->
