<?xml version="1.0" encoding="UTF-8"?>
<!-- Generated by org.testng.reporters.JUnitReportReporter -->
<testsuite hostname="ezs013" name="jenikinsdemo.TestNGClass2" tests="1" failures="0" timestamp="27 Jul 2017 06:23:10 GMT" time="0.839" errors="0">
  <testcase name="submit" time="0.839" classname="jenikinsdemo.TestNGClass2"/>
</testsuite> <!-- jenikinsdemo.TestNGClass2 -->
