<?xml version="1.0" encoding="UTF-8"?>
<!-- Generated by org.testng.reporters.JUnitReportReporter -->
<testsuite hostname="ezs013" name="selenium.MyTest" tests="2" failures="0" timestamp="24 Aug 2017 08:55:18 GMT" time="10.468" errors="0">
  <testcase name="openFacebook" time="7.464" classname="selenium.MyTest"/>
  <testcase name="openGoogle" time="3.004" classname="selenium.MyTest"/>
</testsuite> <!-- selenium.MyTest -->

