<?xml version="1.0" encoding="UTF-8"?>
<!-- Generated by org.testng.reporters.JUnitReportReporter -->
<testsuite hostname="ezs013" name="test.Test2" tests="1" failures="0" timestamp="3 Aug 2017 07:47:02 GMT" time="0.004" errors="0">
  <testcase name="f" time="0.004" classname="test.Test2"/>
</testsuite> <!-- test.Test2 -->
