<?xml version="1.0" encoding="UTF-8"?>
<!-- Generated by org.testng.reporters.JUnitReportReporter -->
<testsuite hostname="ezs013" name="selenium.MyTest" tests="2" failures="0" timestamp="24 Aug 2017 07:21:55 GMT" time="4.370" errors="0">
  <testcase name="openFacebook" time="2.990" classname="selenium.MyTest"/>
  <testcase name="openGoogle" time="1.380" classname="selenium.MyTest"/>
</testsuite> <!-- selenium.MyTest -->
