<?xml version="1.0" encoding="UTF-8"?>
<!-- Generated by org.testng.reporters.JUnitReportReporter -->
<testsuite hostname="ezs013" name="selenium.MyTest" tests="2" failures="0" timestamp="24 Aug 2017 07:37:46 GMT" time="5.282" errors="0">
  <testcase name="openFacebook" time="2.762" classname="selenium.MyTest"/>
  <testcase name="openGoogle" time="2.520" classname="selenium.MyTest"/>
</testsuite> <!-- selenium.MyTest -->
