<?xml version="1.0" encoding="UTF-8"?>
<!-- Generated by org.testng.reporters.JUnitReportReporter -->
<testsuite hostname="ezs013" name="selenium.MyTest" tests="2" failures="0" timestamp="28 Aug 2017 10:36:17 GMT" time="15.545" errors="0">
  <testcase name="openFacebook" time="8.692" classname="selenium.MyTest"/>
  <testcase name="openGoogle" time="6.853" classname="selenium.MyTest"/>
</testsuite> <!-- selenium.MyTest -->
