<?xml version="1.0" encoding="UTF-8"?>
<!-- Generated by org.testng.reporters.JUnitReportReporter -->
<testsuite hostname="ezs013" name="test.Test3" tests="1" failures="0" timestamp="16 Aug 2017 05:52:31 GMT" time="0.010" errors="0">
  <testcase name="Testcase2" time="0.010" classname="test.Test3"/>
</testsuite> <!-- test.Test3 -->
