<?xml version="1.0" encoding="UTF-8"?>
<!-- Generated by org.testng.reporters.JUnitReportReporter -->
<testsuite hostname="ezs013" name="test.Test1" tests="1" failures="0" timestamp="3 Aug 2017 07:47:02 GMT" time="0.011" errors="0">
  <testcase name="f" time="0.011" classname="test.Test1"/>
</testsuite> <!-- test.Test1 -->
