<?xml version="1.0" encoding="UTF-8"?>
<!-- Generated by org.testng.reporters.JUnitReportReporter -->
<testsuite hostname="ezs013" name="test.Test2" tests="1" failures="0" timestamp="16 Aug 2017 05:52:16 GMT" time="0.011" errors="0">
  <testcase name="Testcase1" time="0.011" classname="test.Test2"/>
</testsuite> <!-- test.Test2 -->
