<?xml version="1.0" encoding="UTF-8"?>
<!-- Generated by org.testng.reporters.JUnitReportReporter -->
<testsuite hostname="ezs013" name="selenium.Selenium_Test1" tests="1" failures="0" timestamp="18 Aug 2017 06:12:03 GMT" time="9.970" errors="0">
  <testcase name="testgooglrsearch" time="9.970" classname="selenium.Selenium_Test1"/>
</testsuite> <!-- selenium.Selenium_Test1 -->
