<?xml version="1.0" encoding="UTF-8"?>
<!-- Generated by org.testng.reporters.JUnitReportReporter -->
<testsuite hostname="ezs013" name="jenkinsdemo.Test3" tests="1" failures="0" timestamp="2 Aug 2017 07:27:51 GMT" time="0.000" errors="0">
  <testcase name="f" time="0.000" classname="jenkinsdemo.Test3"/>
</testsuite>
